current directory: /home/runner/workspace/.bundle/ruby/3.2.0/gems/json-2.13.1/ext/json/ext/parser
/nix/store/l8k1zfxjixk6f5sya5x86sdyxffz6bcf-ruby-3.2.2/bin/ruby extconf.rb
checking for rb_enc_interned_str() in ruby/encoding.h... yes
checking for rb_hash_new_capa() in ruby.h... yes
checking for rb_hash_bulk_insert() in ruby.h... yes
checking for strnlen() in string.h... yes
checking for whether -std=c99 is accepted as CFLAGS... yes
checking for x86intrin.h... yes
checking for cpuid.h... yes
creating Makefile

current directory: /home/runner/workspace/.bundle/ruby/3.2.0/gems/json-2.13.1/ext/json/ext/parser
make DESTDIR\= sitearchdir\=./.gem.20250725-391-pd9tow sitelibdir\=./.gem.20250725-391-pd9tow clean

current directory: /home/runner/workspace/.bundle/ruby/3.2.0/gems/json-2.13.1/ext/json/ext/parser
make DESTDIR\= sitearchdir\=./.gem.20250725-391-pd9tow sitelibdir\=./.gem.20250725-391-pd9tow
compiling parser.c
linking shared-object json/ext/parser.so

current directory: /home/runner/workspace/.bundle/ruby/3.2.0/gems/json-2.13.1/ext/json/ext/parser
make DESTDIR\= sitearchdir\=./.gem.20250725-391-pd9tow sitelibdir\=./.gem.20250725-391-pd9tow install
install -c -p -m 755 parser.so ./.gem.20250725-391-pd9tow/json/ext

current directory: /home/runner/workspace/.bundle/ruby/3.2.0/gems/json-2.13.1/ext/json/ext/parser
make DESTDIR\= sitearchdir\=./.gem.20250725-391-pd9tow sitelibdir\=./.gem.20250725-391-pd9tow clean
